<?xml version="1.0" encoding="UTF-8"?>
<!-- Generated by org.testng.reporters.JUnitXMLReporter -->
<testsuite ignored="0" hostname="DESKTOP-BTBHEPN" failures="1" tests="1" name="Test" time="16.373" errors="0" timestamp="2020-08-08T06:46:35 IST">
  <testcase classname="com.ExtentReportDemo3" name="testWork" time="14.076">
    <failure type="java.lang.AssertionError" message="expected [Facebook - Log In or Sign Up] but found [Facebook – log in or sign up]">
      <![CDATA[java.lang.AssertionError: expected [Facebook - Log In or Sign Up] but found [Facebook – log in or sign up]
at com.ExtentReportDemo3.testWork(ExtentReportDemo3.java:57)
at java.base/java.util.ArrayList.forEach(ArrayList.java:1510)
... Removed 32 stack frames]]>
    </failure>
  </testcase> <!-- testWork -->
</testsuite> <!-- Test -->
