<?xml version="1.0" encoding="UTF-8"?>
<!-- Generated by org.testng.reporters.JUnitXMLReporter -->
<testsuite ignored="0" hostname="DESKTOP-BTBHEPN" failures="0" tests="2" name="Default test" time="3.993" errors="0" timestamp="2020-08-06T03:33:27 IST">
  <testcase classname="com.MMT.qa.testcases.FlightsHomePageMMTTest" name="validateCitySelection" time="2.783"/>
  <testcase classname="com.MMT.qa.testcases.FlightsHomePageMMTTest" name="validateDateSelection" time="0.256"/>
</testsuite> <!-- Default test -->
