<?xml version="1.0" encoding="UTF-8"?>
<!-- Generated by org.testng.reporters.JUnitXMLReporter -->
<testsuite ignored="0" hostname="DESKTOP-BTBHEPN" failures="0" tests="2" name="Default test" time="5.586" errors="0" timestamp="2020-08-09T17:23:53 IST">
  <testcase classname="com.MMT.qa.testcases.FlightsHomePageMMTTest" name="validateCitySelection" time="4.352"/>
  <testcase classname="com.MMT.qa.testcases.FlightsHomePageMMTTest" name="validateDateSelection" time="0.496"/>
</testsuite> <!-- Default test -->
