<?xml version="1.0" encoding="UTF-8"?>
<testng-results ignored="0" total="2" passed="2" failed="0" skipped="0">
  <reporter-output>
  </reporter-output>
  <suite started-at="2020-08-09T17:23:48 IST" name="Default suite" finished-at="2020-08-09T17:23:53 IST" duration-ms="5586">
    <groups>
    </groups>
    <test started-at="2020-08-09T17:23:48 IST" name="Default test" finished-at="2020-08-09T17:23:53 IST" duration-ms="5586">
      <class name="com.MMT.qa.testcases.FlightsHomePageMMTTest">
        <test-method signature="validateCitySelection()[pri:1, instance:com.MMT.qa.testcases.FlightsHomePageMMTTest@549949be]" started-at="2020-08-09T17:23:48 IST" name="validateCitySelection" finished-at="2020-08-09T17:23:52 IST" duration-ms="4352" status="PASS">
          <reporter-output>
          </reporter-output>
        </test-method> <!-- validateCitySelection -->
        <test-method signature="validateDateSelection()[pri:2, instance:com.MMT.qa.testcases.FlightsHomePageMMTTest@549949be]" started-at="2020-08-09T17:23:52 IST" name="validateDateSelection" finished-at="2020-08-09T17:23:53 IST" duration-ms="496" status="PASS">
          <reporter-output>
          </reporter-output>
        </test-method> <!-- validateDateSelection -->
        <test-method is-config="true" signature="tearDown()[pri:0, instance:com.MMT.qa.testcases.FlightsHomePageMMTTest@549949be]" started-at="2020-08-09T17:23:53 IST" name="tearDown" finished-at="2020-08-09T17:23:53 IST" duration-ms="698" status="PASS">
          <reporter-output>
          </reporter-output>
        </test-method> <!-- tearDown -->
      </class> <!-- com.MMT.qa.testcases.FlightsHomePageMMTTest -->
    </test> <!-- Default test -->
  </suite> <!-- Default suite -->
</testng-results>
