<?xml version="1.0" encoding="UTF-8"?>
<testng-results ignored="0" total="1" passed="1" failed="0" skipped="0">
  <reporter-output>
  </reporter-output>
  <suite started-at="2020-08-09T05:12:33 IST" name="Suite" finished-at="2020-08-09T05:12:46 IST" duration-ms="12551">
    <groups>
    </groups>
    <test started-at="2020-08-09T05:12:33 IST" name="Test" finished-at="2020-08-09T05:12:46 IST" duration-ms="12551">
      <class name="com.Google">
        <test-method signature="test()[pri:0, instance:com.Google@6cf0e0ba]" started-at="2020-08-09T05:12:33 IST" name="test" finished-at="2020-08-09T05:12:46 IST" duration-ms="12514" status="PASS">
          <reporter-output>
          </reporter-output>
        </test-method> <!-- test -->
      </class> <!-- com.Google -->
    </test> <!-- Test -->
  </suite> <!-- Suite -->
</testng-results>
