<html xmlns:math="http://exslt.org/math" xmlns:testng="http://testng.org">
   <head>
      <title>TestNG Results</title>
      <meta http-equiv="content-type" content="text/html; charset=utf-8"></meta>
      <meta http-equiv="pragma" content="no-cache"></meta>
      <meta http-equiv="cache-control" content="max-age=0"></meta>
      <meta http-equiv="cache-control" content="no-cache"></meta>
      <meta http-equiv="cache-control" content="no-store"></meta>
      <LINK rel="stylesheet" href="style.css"></LINK>
      <script type="text/javascript" src="main.js"></script>
   </head>
   <body>
      <table width="100%" style="font-size: 16px; margin-bottom: 10px;" cellspacing="1">
         <tr>
            <td width="100%">
               Test case
               
               <b>Default test</b>
            </td>
            <td style="background-color: #FFBBBB; padding: 3px 3px 3px 0;" align="center">
               <div style="width: 50px;">4</div>
            </td>
            <td style="background-color: lightgreen; padding: 3px 3px 3px 0;" align="center">
               <div style="width: 50px;">1</div>
            </td>
            <td style="background-color: #FFFFBB; padding: 3px 3px 3px 0;" align="center">
               <div style="width: 50px;">0</div>
            </td>
            <td align="center" style="background-color: #eaf0f7; padding: 3px 3px 3px 0;">
               <div style="width: 50px;">5</div>
            </td>
            <td align="center"
                style="font-weight: bold; background-color: #eaf0f7; padding: 3px 3px 3px 0;">
               <div style="width: 50px;">20%</div>
            </td>
            <td style="background-color: #eaf0f7; padding: 3px 3px 3px 0;" align="center"
                nowrap="true">1m
               44s
               
            </td>
         </tr>
      </table>
      <div style="width: 200px;">
         <label for="groupMethodsCheckBox" style="font-weight: bold; margin: 0;">
            <input id="groupMethodsCheckBox" type="checkbox" onclick="switchTestMethodsView(this)"
                   checked=""></input>
            Group by class
            
         </label>
         <br></br>
         <label for="methodsFilter_ALL" style="font-weight: bold; margin: 0;">
            <input id="methodsFilter_ALL" type="checkbox"
                   onclick="testMethodsFilterChanged(this, 'ALL')"
                   checked=""></input>
            All
            
         </label>
      </div>
      <label for="methodsFilter_FAIL" style="margin-left: 20px;">
         <input id="methodsFilter_FAIL" type="checkbox"
                onclick="testMethodsFilterChanged(this, 'FAIL')"
                checked=""></input>
         Failed
         
      </label>
      <label for="methodsFilter_PASS">
         <input id="methodsFilter_PASS" type="checkbox"
                onclick="testMethodsFilterChanged(this, 'PASS')"
                checked=""></input>
         Passed
         
      </label>
      <label for="methodsFilter_SKIP">
         <input id="methodsFilter_SKIP" type="checkbox"
                onclick="testMethodsFilterChanged(this, 'SKIP')"
                checked=""></input>
         Skipped
         
      </label>
      <label for="methodsFilter_CONF">
         <input id="methodsFilter_CONF" type="checkbox"
                onclick="testMethodsFilterChanged(this, 'CONF')"
                checked=""></input>
         Config
         
      </label>
      <br></br>
      <div id="testMethodsByStatus" style="display: none;">
         <table class="testMethodsTable" cellpadding="0" cellspacing="0">
            <tr class="methodsTableHeader">
               <td width="100%">Name</td>
               <td nowrap="true">Started</td>
               <td nowrap="true">Duration</td>
               <td>Exception</td>
            </tr>
            <tr id="dataDrivenFramework.Data_datadrivenframework_byStatus_failed_FAIL1_row"
                class="testMethodStatusFAIL">
               <td width="100%" class="firstMethodCell">
                  <a onclick="toggleDetailsVisibility('dataDrivenFramework.Data_datadrivenframework_byStatus_failed_FAIL1_details')">datadrivenframework(admin
                     
                     ,
                     
                     demo12)
                  </a>
               </td>
               <td nowrap="true">23:59:55</td>
               <td nowrap="true" align="right">20s
                  
               </td>
               <td nowrap="true">
                  <a onclick="toggleDetailsVisibility('dataDrivenFramework.Data_datadrivenframework_byStatus_failed_FAIL1_exception')">java.lang.AssertionError: 
                     valid case expected [true] but found [false]
                     
                  </a>
                   
                  
               </td>
            </tr>
            <tr>
               <td colspan="4" class="detailsBox">
                  <div id="dataDrivenFramework.Data_datadrivenframework_byStatus_failed_FAIL1_details"
                       class="testMethodDetails">
                     <div>
                        <b>Name: </b>datadrivenframework
                     </div>
                     <div>
                        <b>Signature: </b>datadrivenframework(java.lang.String, java.lang.String)[pri:0, instance:dataDrivenFramework.Data@223f3642]
                     </div>
                     <div>
                        <b>Parameters: </b>
                        
                        admin
                        
                        ,
                        
                        demo12
                        
                        
                     </div>
                     <div>
                        <b>Start time: </b>23:59:55
                     </div>
                     <div>
                        <b>End time: </b>00:00:15
                     </div>
                     <div>
                        <b>Duration: </b>20s
                        
                     </div>
                  </div>
               </td>
            </tr>
            <tr>
               <td colspan="4" class="detailsBox">
                  <div id="dataDrivenFramework.Data_datadrivenframework_byStatus_failed_FAIL1_exception"
                       class="testMethodDetails">
                     <pre style="padding: 5px; margin: 0;">java.lang.AssertionError: valid case expected [true] but found [false]
                        at org.testng.Assert.fail(Assert.java:97)
                        at org.testng.Assert.failNotEquals(Assert.java:968)
                        at org.testng.Assert.assertTrue(Assert.java:43)
                        at dataDrivenFramework.Data.datadrivenframework(Data.java:28)
                        at java.base/jdk.internal.reflect.NativeMethodAccessorImpl.invoke0(Native Method)
                        at java.base/jdk.internal.reflect.NativeMethodAccessorImpl.invoke(NativeMethodAccessorImpl.java:62)
                        at java.base/jdk.internal.reflect.DelegatingMethodAccessorImpl.invoke(DelegatingMethodAccessorImpl.java:43)
                        at java.base/java.lang.reflect.Method.invoke(Method.java:564)
                        at org.testng.internal.MethodInvocationHelper.invokeMethod(MethodInvocationHelper.java:135)
                        at org.testng.internal.TestInvoker.invokeMethod(TestInvoker.java:598)
                        at org.testng.internal.TestInvoker.invokeTestMethod(TestInvoker.java:174)
                        at org.testng.internal.MethodRunner.runInSequence(MethodRunner.java:46)
                        at org.testng.internal.TestInvoker$MethodInvocationAgent.invoke(TestInvoker.java:821)
                        at org.testng.internal.TestInvoker.invokeTestMethods(TestInvoker.java:147)
                        at org.testng.internal.TestMethodWorker.invokeTestMethods(TestMethodWorker.java:146)
                        at org.testng.internal.TestMethodWorker.run(TestMethodWorker.java:128)
                        at java.base/java.util.ArrayList.forEach(ArrayList.java:1510)
                        at org.testng.TestRunner.privateRun(TestRunner.java:767)
                        at org.testng.TestRunner.run(TestRunner.java:588)
                        at org.testng.SuiteRunner.runTest(SuiteRunner.java:384)
                        at org.testng.SuiteRunner.runSequentially(SuiteRunner.java:378)
                        at org.testng.SuiteRunner.privateRun(SuiteRunner.java:337)
                        at org.testng.SuiteRunner.run(SuiteRunner.java:286)
                        at org.testng.SuiteRunnerWorker.runSuite(SuiteRunnerWorker.java:53)
                        at org.testng.SuiteRunnerWorker.run(SuiteRunnerWorker.java:96)
                        at org.testng.TestNG.runSuitesSequentially(TestNG.java:1214)
                        at org.testng.TestNG.runSuitesLocally(TestNG.java:1136)
                        at org.testng.TestNG.runSuites(TestNG.java:1066)
                        at org.testng.TestNG.run(TestNG.java:1034)
                        at org.testng.remote.AbstractRemoteTestNG.run(AbstractRemoteTestNG.java:115)
                        at org.testng.remote.RemoteTestNG.initAndRun(RemoteTestNG.java:251)
                        at org.testng.remote.RemoteTestNG.main(RemoteTestNG.java:77)
                     </pre>
                  </div>
               </td>
            </tr>
            <tr id="dataDrivenFramework.Data_datadrivenframework_byStatus_failed_FAIL2_row"
                class="testMethodStatusFAIL">
               <td width="100%" class="firstMethodCell">
                  <a onclick="toggleDetailsVisibility('dataDrivenFramework.Data_datadrivenframework_byStatus_failed_FAIL2_details')">datadrivenframework(admin
                     
                     ,
                     
                     demo1235)
                  </a>
               </td>
               <td nowrap="true">00:00:20</td>
               <td nowrap="true" align="right">17s
                  
               </td>
               <td nowrap="true">
                  <a onclick="toggleDetailsVisibility('dataDrivenFramework.Data_datadrivenframework_byStatus_failed_FAIL2_exception')">java.lang.AssertionError: 
                     valid case expected [true] but found [false]
                     
                  </a>
                   
                  
               </td>
            </tr>
            <tr>
               <td colspan="4" class="detailsBox">
                  <div id="dataDrivenFramework.Data_datadrivenframework_byStatus_failed_FAIL2_details"
                       class="testMethodDetails">
                     <div>
                        <b>Name: </b>datadrivenframework
                     </div>
                     <div>
                        <b>Signature: </b>datadrivenframework(java.lang.String, java.lang.String)[pri:0, instance:dataDrivenFramework.Data@223f3642]
                     </div>
                     <div>
                        <b>Parameters: </b>
                        
                        admin
                        
                        ,
                        
                        demo1235
                        
                        
                     </div>
                     <div>
                        <b>Start time: </b>00:00:20
                     </div>
                     <div>
                        <b>End time: </b>00:00:37
                     </div>
                     <div>
                        <b>Duration: </b>17s
                        
                     </div>
                  </div>
               </td>
            </tr>
            <tr>
               <td colspan="4" class="detailsBox">
                  <div id="dataDrivenFramework.Data_datadrivenframework_byStatus_failed_FAIL2_exception"
                       class="testMethodDetails">
                     <pre style="padding: 5px; margin: 0;">java.lang.AssertionError: valid case expected [true] but found [false]
                        at org.testng.Assert.fail(Assert.java:97)
                        at org.testng.Assert.failNotEquals(Assert.java:968)
                        at org.testng.Assert.assertTrue(Assert.java:43)
                        at dataDrivenFramework.Data.datadrivenframework(Data.java:28)
                        at java.base/jdk.internal.reflect.NativeMethodAccessorImpl.invoke0(Native Method)
                        at java.base/jdk.internal.reflect.NativeMethodAccessorImpl.invoke(NativeMethodAccessorImpl.java:62)
                        at java.base/jdk.internal.reflect.DelegatingMethodAccessorImpl.invoke(DelegatingMethodAccessorImpl.java:43)
                        at java.base/java.lang.reflect.Method.invoke(Method.java:564)
                        at org.testng.internal.MethodInvocationHelper.invokeMethod(MethodInvocationHelper.java:135)
                        at org.testng.internal.TestInvoker.invokeMethod(TestInvoker.java:598)
                        at org.testng.internal.TestInvoker.invokeTestMethod(TestInvoker.java:174)
                        at org.testng.internal.MethodRunner.runInSequence(MethodRunner.java:46)
                        at org.testng.internal.TestInvoker$MethodInvocationAgent.invoke(TestInvoker.java:821)
                        at org.testng.internal.TestInvoker.invokeTestMethods(TestInvoker.java:147)
                        at org.testng.internal.TestMethodWorker.invokeTestMethods(TestMethodWorker.java:146)
                        at org.testng.internal.TestMethodWorker.run(TestMethodWorker.java:128)
                        at java.base/java.util.ArrayList.forEach(ArrayList.java:1510)
                        at org.testng.TestRunner.privateRun(TestRunner.java:767)
                        at org.testng.TestRunner.run(TestRunner.java:588)
                        at org.testng.SuiteRunner.runTest(SuiteRunner.java:384)
                        at org.testng.SuiteRunner.runSequentially(SuiteRunner.java:378)
                        at org.testng.SuiteRunner.privateRun(SuiteRunner.java:337)
                        at org.testng.SuiteRunner.run(SuiteRunner.java:286)
                        at org.testng.SuiteRunnerWorker.runSuite(SuiteRunnerWorker.java:53)
                        at org.testng.SuiteRunnerWorker.run(SuiteRunnerWorker.java:96)
                        at org.testng.TestNG.runSuitesSequentially(TestNG.java:1214)
                        at org.testng.TestNG.runSuitesLocally(TestNG.java:1136)
                        at org.testng.TestNG.runSuites(TestNG.java:1066)
                        at org.testng.TestNG.run(TestNG.java:1034)
                        at org.testng.remote.AbstractRemoteTestNG.run(AbstractRemoteTestNG.java:115)
                        at org.testng.remote.RemoteTestNG.initAndRun(RemoteTestNG.java:251)
                        at org.testng.remote.RemoteTestNG.main(RemoteTestNG.java:77)
                     </pre>
                  </div>
               </td>
            </tr>
            <tr id="dataDrivenFramework.Data_datadrivenframework_byStatus_failed_FAIL3_row"
                class="testMethodStatusFAIL">
               <td width="100%" class="firstMethodCell">
                  <a onclick="toggleDetailsVisibility('dataDrivenFramework.Data_datadrivenframework_byStatus_failed_FAIL3_details')">datadrivenframework(admin
                     
                     ,
                     
                     demo1234)
                  </a>
               </td>
               <td nowrap="true">00:00:41</td>
               <td nowrap="true" align="right">11s
                  
               </td>
               <td nowrap="true">
                  <a onclick="toggleDetailsVisibility('dataDrivenFramework.Data_datadrivenframework_byStatus_failed_FAIL3_exception')">java.lang.AssertionError: 
                     valid case expected [true] but found [false]
                     
                  </a>
                   
                  
               </td>
            </tr>
            <tr>
               <td colspan="4" class="detailsBox">
                  <div id="dataDrivenFramework.Data_datadrivenframework_byStatus_failed_FAIL3_details"
                       class="testMethodDetails">
                     <div>
                        <b>Name: </b>datadrivenframework
                     </div>
                     <div>
                        <b>Signature: </b>datadrivenframework(java.lang.String, java.lang.String)[pri:0, instance:dataDrivenFramework.Data@223f3642]
                     </div>
                     <div>
                        <b>Parameters: </b>
                        
                        admin
                        
                        ,
                        
                        demo1234
                        
                        
                     </div>
                     <div>
                        <b>Start time: </b>00:00:41
                     </div>
                     <div>
                        <b>End time: </b>00:00:52
                     </div>
                     <div>
                        <b>Duration: </b>11s
                        
                     </div>
                  </div>
               </td>
            </tr>
            <tr>
               <td colspan="4" class="detailsBox">
                  <div id="dataDrivenFramework.Data_datadrivenframework_byStatus_failed_FAIL3_exception"
                       class="testMethodDetails">
                     <pre style="padding: 5px; margin: 0;">java.lang.AssertionError: valid case expected [true] but found [false]
                        at org.testng.Assert.fail(Assert.java:97)
                        at org.testng.Assert.failNotEquals(Assert.java:968)
                        at org.testng.Assert.assertTrue(Assert.java:43)
                        at dataDrivenFramework.Data.datadrivenframework(Data.java:28)
                        at java.base/jdk.internal.reflect.NativeMethodAccessorImpl.invoke0(Native Method)
                        at java.base/jdk.internal.reflect.NativeMethodAccessorImpl.invoke(NativeMethodAccessorImpl.java:62)
                        at java.base/jdk.internal.reflect.DelegatingMethodAccessorImpl.invoke(DelegatingMethodAccessorImpl.java:43)
                        at java.base/java.lang.reflect.Method.invoke(Method.java:564)
                        at org.testng.internal.MethodInvocationHelper.invokeMethod(MethodInvocationHelper.java:135)
                        at org.testng.internal.TestInvoker.invokeMethod(TestInvoker.java:598)
                        at org.testng.internal.TestInvoker.invokeTestMethod(TestInvoker.java:174)
                        at org.testng.internal.MethodRunner.runInSequence(MethodRunner.java:46)
                        at org.testng.internal.TestInvoker$MethodInvocationAgent.invoke(TestInvoker.java:821)
                        at org.testng.internal.TestInvoker.invokeTestMethods(TestInvoker.java:147)
                        at org.testng.internal.TestMethodWorker.invokeTestMethods(TestMethodWorker.java:146)
                        at org.testng.internal.TestMethodWorker.run(TestMethodWorker.java:128)
                        at java.base/java.util.ArrayList.forEach(ArrayList.java:1510)
                        at org.testng.TestRunner.privateRun(TestRunner.java:767)
                        at org.testng.TestRunner.run(TestRunner.java:588)
                        at org.testng.SuiteRunner.runTest(SuiteRunner.java:384)
                        at org.testng.SuiteRunner.runSequentially(SuiteRunner.java:378)
                        at org.testng.SuiteRunner.privateRun(SuiteRunner.java:337)
                        at org.testng.SuiteRunner.run(SuiteRunner.java:286)
                        at org.testng.SuiteRunnerWorker.runSuite(SuiteRunnerWorker.java:53)
                        at org.testng.SuiteRunnerWorker.run(SuiteRunnerWorker.java:96)
                        at org.testng.TestNG.runSuitesSequentially(TestNG.java:1214)
                        at org.testng.TestNG.runSuitesLocally(TestNG.java:1136)
                        at org.testng.TestNG.runSuites(TestNG.java:1066)
                        at org.testng.TestNG.run(TestNG.java:1034)
                        at org.testng.remote.AbstractRemoteTestNG.run(AbstractRemoteTestNG.java:115)
                        at org.testng.remote.RemoteTestNG.initAndRun(RemoteTestNG.java:251)
                        at org.testng.remote.RemoteTestNG.main(RemoteTestNG.java:77)
                     </pre>
                  </div>
               </td>
            </tr>
            <tr id="dataDrivenFramework.Data_datadrivenframework_byStatus_failed_FAIL4_row"
                class="testMethodStatusFAIL">
               <td width="100%" class="firstMethodCell">
                  <a onclick="toggleDetailsVisibility('dataDrivenFramework.Data_datadrivenframework_byStatus_failed_FAIL4_details')">datadrivenframework(admin
                     
                     ,
                     
                     demo12345)
                  </a>
               </td>
               <td nowrap="true">00:00:59</td>
               <td nowrap="true" align="right">13s
                  
               </td>
               <td nowrap="true">
                  <a onclick="toggleDetailsVisibility('dataDrivenFramework.Data_datadrivenframework_byStatus_failed_FAIL4_exception')">java.lang.AssertionError: 
                     valid case expected [true] but found [false]
                     
                  </a>
                   
                  
               </td>
            </tr>
            <tr>
               <td colspan="4" class="detailsBox">
                  <div id="dataDrivenFramework.Data_datadrivenframework_byStatus_failed_FAIL4_details"
                       class="testMethodDetails">
                     <div>
                        <b>Name: </b>datadrivenframework
                     </div>
                     <div>
                        <b>Signature: </b>datadrivenframework(java.lang.String, java.lang.String)[pri:0, instance:dataDrivenFramework.Data@223f3642]
                     </div>
                     <div>
                        <b>Parameters: </b>
                        
                        admin
                        
                        ,
                        
                        demo12345
                        
                        
                     </div>
                     <div>
                        <b>Start time: </b>00:00:59
                     </div>
                     <div>
                        <b>End time: </b>00:01:13
                     </div>
                     <div>
                        <b>Duration: </b>13s
                        
                     </div>
                  </div>
               </td>
            </tr>
            <tr>
               <td colspan="4" class="detailsBox">
                  <div id="dataDrivenFramework.Data_datadrivenframework_byStatus_failed_FAIL4_exception"
                       class="testMethodDetails">
                     <pre style="padding: 5px; margin: 0;">java.lang.AssertionError: valid case expected [true] but found [false]
                        at org.testng.Assert.fail(Assert.java:97)
                        at org.testng.Assert.failNotEquals(Assert.java:968)
                        at org.testng.Assert.assertTrue(Assert.java:43)
                        at dataDrivenFramework.Data.datadrivenframework(Data.java:28)
                        at java.base/jdk.internal.reflect.NativeMethodAccessorImpl.invoke0(Native Method)
                        at java.base/jdk.internal.reflect.NativeMethodAccessorImpl.invoke(NativeMethodAccessorImpl.java:62)
                        at java.base/jdk.internal.reflect.DelegatingMethodAccessorImpl.invoke(DelegatingMethodAccessorImpl.java:43)
                        at java.base/java.lang.reflect.Method.invoke(Method.java:564)
                        at org.testng.internal.MethodInvocationHelper.invokeMethod(MethodInvocationHelper.java:135)
                        at org.testng.internal.TestInvoker.invokeMethod(TestInvoker.java:598)
                        at org.testng.internal.TestInvoker.invokeTestMethod(TestInvoker.java:174)
                        at org.testng.internal.MethodRunner.runInSequence(MethodRunner.java:46)
                        at org.testng.internal.TestInvoker$MethodInvocationAgent.invoke(TestInvoker.java:821)
                        at org.testng.internal.TestInvoker.invokeTestMethods(TestInvoker.java:147)
                        at org.testng.internal.TestMethodWorker.invokeTestMethods(TestMethodWorker.java:146)
                        at org.testng.internal.TestMethodWorker.run(TestMethodWorker.java:128)
                        at java.base/java.util.ArrayList.forEach(ArrayList.java:1510)
                        at org.testng.TestRunner.privateRun(TestRunner.java:767)
                        at org.testng.TestRunner.run(TestRunner.java:588)
                        at org.testng.SuiteRunner.runTest(SuiteRunner.java:384)
                        at org.testng.SuiteRunner.runSequentially(SuiteRunner.java:378)
                        at org.testng.SuiteRunner.privateRun(SuiteRunner.java:337)
                        at org.testng.SuiteRunner.run(SuiteRunner.java:286)
                        at org.testng.SuiteRunnerWorker.runSuite(SuiteRunnerWorker.java:53)
                        at org.testng.SuiteRunnerWorker.run(SuiteRunnerWorker.java:96)
                        at org.testng.TestNG.runSuitesSequentially(TestNG.java:1214)
                        at org.testng.TestNG.runSuitesLocally(TestNG.java:1136)
                        at org.testng.TestNG.runSuites(TestNG.java:1066)
                        at org.testng.TestNG.run(TestNG.java:1034)
                        at org.testng.remote.AbstractRemoteTestNG.run(AbstractRemoteTestNG.java:115)
                        at org.testng.remote.RemoteTestNG.initAndRun(RemoteTestNG.java:251)
                        at org.testng.remote.RemoteTestNG.main(RemoteTestNG.java:77)
                     </pre>
                  </div>
               </td>
            </tr>
            <tr id="dataDrivenFramework.Data_tearDown_byStatus_passed_PASS1_row"
                class="testMethodStatusPASS testMethodStatusCONF">
               <td width="100%" class="firstMethodCell">
                  <a onclick="toggleDetailsVisibility('dataDrivenFramework.Data_tearDown_byStatus_passed_PASS1_details')">tearDown()</a>
               </td>
               <td nowrap="true">00:00:15</td>
               <td nowrap="true" align="right">4s
                  
               </td>
               <td nowrap="true">
                   
                  
               </td>
            </tr>
            <tr>
               <td colspan="4" class="detailsBox">
                  <div id="dataDrivenFramework.Data_tearDown_byStatus_passed_PASS1_details"
                       class="testMethodDetails">
                     <div>
                        <b>Name: </b>tearDown
                     </div>
                     <div>
                        <b>Signature: </b>tearDown()[pri:0, instance:dataDrivenFramework.Data@223f3642]
                     </div>
                     <div>
                        <b>Start time: </b>00:00:15
                     </div>
                     <div>
                        <b>End time: </b>00:00:20
                     </div>
                     <div>
                        <b>Duration: </b>4s
                        
                     </div>
                  </div>
               </td>
            </tr>
            <tr></tr>
            <tr id="dataDrivenFramework.Data_tearDown_byStatus_passed_PASS2_row"
                class="testMethodStatusPASS testMethodStatusCONF">
               <td width="100%" class="firstMethodCell">
                  <a onclick="toggleDetailsVisibility('dataDrivenFramework.Data_tearDown_byStatus_passed_PASS2_details')">tearDown()</a>
               </td>
               <td nowrap="true">00:00:37</td>
               <td nowrap="true" align="right">4s
                  
               </td>
               <td nowrap="true">
                   
                  
               </td>
            </tr>
            <tr>
               <td colspan="4" class="detailsBox">
                  <div id="dataDrivenFramework.Data_tearDown_byStatus_passed_PASS2_details"
                       class="testMethodDetails">
                     <div>
                        <b>Name: </b>tearDown
                     </div>
                     <div>
                        <b>Signature: </b>tearDown()[pri:0, instance:dataDrivenFramework.Data@223f3642]
                     </div>
                     <div>
                        <b>Start time: </b>00:00:37
                     </div>
                     <div>
                        <b>End time: </b>00:00:41
                     </div>
                     <div>
                        <b>Duration: </b>4s
                        
                     </div>
                  </div>
               </td>
            </tr>
            <tr></tr>
            <tr id="dataDrivenFramework.Data_tearDown_byStatus_passed_PASS3_row"
                class="testMethodStatusPASS testMethodStatusCONF">
               <td width="100%" class="firstMethodCell">
                  <a onclick="toggleDetailsVisibility('dataDrivenFramework.Data_tearDown_byStatus_passed_PASS3_details')">tearDown()</a>
               </td>
               <td nowrap="true">00:00:52</td>
               <td nowrap="true" align="right">6s
                  
               </td>
               <td nowrap="true">
                   
                  
               </td>
            </tr>
            <tr>
               <td colspan="4" class="detailsBox">
                  <div id="dataDrivenFramework.Data_tearDown_byStatus_passed_PASS3_details"
                       class="testMethodDetails">
                     <div>
                        <b>Name: </b>tearDown
                     </div>
                     <div>
                        <b>Signature: </b>tearDown()[pri:0, instance:dataDrivenFramework.Data@223f3642]
                     </div>
                     <div>
                        <b>Start time: </b>00:00:52
                     </div>
                     <div>
                        <b>End time: </b>00:00:59
                     </div>
                     <div>
                        <b>Duration: </b>6s
                        
                     </div>
                  </div>
               </td>
            </tr>
            <tr></tr>
            <tr id="dataDrivenFramework.Data_tearDown_byStatus_passed_PASS4_row"
                class="testMethodStatusPASS testMethodStatusCONF">
               <td width="100%" class="firstMethodCell">
                  <a onclick="toggleDetailsVisibility('dataDrivenFramework.Data_tearDown_byStatus_passed_PASS4_details')">tearDown()</a>
               </td>
               <td nowrap="true">00:01:13</td>
               <td nowrap="true" align="right">5s
                  
               </td>
               <td nowrap="true">
                   
                  
               </td>
            </tr>
            <tr>
               <td colspan="4" class="detailsBox">
                  <div id="dataDrivenFramework.Data_tearDown_byStatus_passed_PASS4_details"
                       class="testMethodDetails">
                     <div>
                        <b>Name: </b>tearDown
                     </div>
                     <div>
                        <b>Signature: </b>tearDown()[pri:0, instance:dataDrivenFramework.Data@223f3642]
                     </div>
                     <div>
                        <b>Start time: </b>00:01:13
                     </div>
                     <div>
                        <b>End time: </b>00:01:19
                     </div>
                     <div>
                        <b>Duration: </b>5s
                        
                     </div>
                  </div>
               </td>
            </tr>
            <tr></tr>
            <tr id="dataDrivenFramework.Data_datadrivenframework_byStatus_passed_PASS5_row"
                class="testMethodStatusPASS">
               <td width="100%" class="firstMethodCell">
                  <a onclick="toggleDetailsVisibility('dataDrivenFramework.Data_datadrivenframework_byStatus_passed_PASS5_details')">datadrivenframework(admin
                     
                     ,
                     
                     demo123)
                  </a>
               </td>
               <td nowrap="true">00:01:19</td>
               <td nowrap="true" align="right">13s
                  
               </td>
               <td nowrap="true">
                   
                  
               </td>
            </tr>
            <tr>
               <td colspan="4" class="detailsBox">
                  <div id="dataDrivenFramework.Data_datadrivenframework_byStatus_passed_PASS5_details"
                       class="testMethodDetails">
                     <div>
                        <b>Name: </b>datadrivenframework
                     </div>
                     <div>
                        <b>Signature: </b>datadrivenframework(java.lang.String, java.lang.String)[pri:0, instance:dataDrivenFramework.Data@223f3642]
                     </div>
                     <div>
                        <b>Parameters: </b>
                        
                        admin
                        
                        ,
                        
                        demo123
                        
                        
                     </div>
                     <div>
                        <b>Start time: </b>00:01:19
                     </div>
                     <div>
                        <b>End time: </b>00:01:32
                     </div>
                     <div>
                        <b>Duration: </b>13s
                        
                     </div>
                  </div>
               </td>
            </tr>
            <tr></tr>
            <tr id="dataDrivenFramework.Data_tearDown_byStatus_passed_PASS6_row"
                class="testMethodStatusPASS testMethodStatusCONF">
               <td width="100%" class="firstMethodCell">
                  <a onclick="toggleDetailsVisibility('dataDrivenFramework.Data_tearDown_byStatus_passed_PASS6_details')">tearDown()</a>
               </td>
               <td nowrap="true">00:01:32</td>
               <td nowrap="true" align="right">7s
                  
               </td>
               <td nowrap="true">
                   
                  
               </td>
            </tr>
            <tr>
               <td colspan="4" class="detailsBox">
                  <div id="dataDrivenFramework.Data_tearDown_byStatus_passed_PASS6_details"
                       class="testMethodDetails">
                     <div>
                        <b>Name: </b>tearDown
                     </div>
                     <div>
                        <b>Signature: </b>tearDown()[pri:0, instance:dataDrivenFramework.Data@223f3642]
                     </div>
                     <div>
                        <b>Start time: </b>00:01:32
                     </div>
                     <div>
                        <b>End time: </b>00:01:39
                     </div>
                     <div>
                        <b>Duration: </b>7s
                        
                     </div>
                  </div>
               </td>
            </tr>
            <tr></tr>
         </table>
      </div>
      <div id="testMethodsByClass">
         <table class="testMethodsTable" cellpadding="0" cellspacing="0">
            <tr>
               <td colspan="4">
                  <h3 style="display: inline;">dataDrivenFramework.Data</h3>
               </td>
            </tr>
            <tr class="methodsTableHeader">
               <td width="100%">Name</td>
               <td nowrap="true">Started</td>
               <td nowrap="true">Duration</td>
               <td>Exception</td>
            </tr>
            <tr id="dataDrivenFramework.Data_datadrivenframework_byClass_FAIL1_row"
                class="testMethodStatusFAIL">
               <td width="100%" class="firstMethodCell">
                  <a onclick="toggleDetailsVisibility('dataDrivenFramework.Data_datadrivenframework_byClass_FAIL1_details')">datadrivenframework(admin
                     
                     ,
                     
                     demo12)
                  </a>
               </td>
               <td nowrap="true">23:59:55</td>
               <td nowrap="true" align="right">20s
                  
               </td>
               <td nowrap="true">
                  <a onclick="toggleDetailsVisibility('dataDrivenFramework.Data_datadrivenframework_byClass_FAIL1_exception')">java.lang.AssertionError: 
                     valid case expected [true] but found [false]
                     
                  </a>
                   
                  
               </td>
            </tr>
            <tr>
               <td colspan="4" class="detailsBox">
                  <div id="dataDrivenFramework.Data_datadrivenframework_byClass_FAIL1_details"
                       class="testMethodDetails">
                     <div>
                        <b>Name: </b>datadrivenframework
                     </div>
                     <div>
                        <b>Signature: </b>datadrivenframework(java.lang.String, java.lang.String)[pri:0, instance:dataDrivenFramework.Data@223f3642]
                     </div>
                     <div>
                        <b>Parameters: </b>
                        
                        admin
                        
                        ,
                        
                        demo12
                        
                        
                     </div>
                     <div>
                        <b>Start time: </b>23:59:55
                     </div>
                     <div>
                        <b>End time: </b>00:00:15
                     </div>
                     <div>
                        <b>Duration: </b>20s
                        
                     </div>
                  </div>
               </td>
            </tr>
            <tr>
               <td colspan="4" class="detailsBox">
                  <div id="dataDrivenFramework.Data_datadrivenframework_byClass_FAIL1_exception"
                       class="testMethodDetails">
                     <pre style="padding: 5px; margin: 0;">java.lang.AssertionError: valid case expected [true] but found [false]
                        at org.testng.Assert.fail(Assert.java:97)
                        at org.testng.Assert.failNotEquals(Assert.java:968)
                        at org.testng.Assert.assertTrue(Assert.java:43)
                        at dataDrivenFramework.Data.datadrivenframework(Data.java:28)
                        at java.base/jdk.internal.reflect.NativeMethodAccessorImpl.invoke0(Native Method)
                        at java.base/jdk.internal.reflect.NativeMethodAccessorImpl.invoke(NativeMethodAccessorImpl.java:62)
                        at java.base/jdk.internal.reflect.DelegatingMethodAccessorImpl.invoke(DelegatingMethodAccessorImpl.java:43)
                        at java.base/java.lang.reflect.Method.invoke(Method.java:564)
                        at org.testng.internal.MethodInvocationHelper.invokeMethod(MethodInvocationHelper.java:135)
                        at org.testng.internal.TestInvoker.invokeMethod(TestInvoker.java:598)
                        at org.testng.internal.TestInvoker.invokeTestMethod(TestInvoker.java:174)
                        at org.testng.internal.MethodRunner.runInSequence(MethodRunner.java:46)
                        at org.testng.internal.TestInvoker$MethodInvocationAgent.invoke(TestInvoker.java:821)
                        at org.testng.internal.TestInvoker.invokeTestMethods(TestInvoker.java:147)
                        at org.testng.internal.TestMethodWorker.invokeTestMethods(TestMethodWorker.java:146)
                        at org.testng.internal.TestMethodWorker.run(TestMethodWorker.java:128)
                        at java.base/java.util.ArrayList.forEach(ArrayList.java:1510)
                        at org.testng.TestRunner.privateRun(TestRunner.java:767)
                        at org.testng.TestRunner.run(TestRunner.java:588)
                        at org.testng.SuiteRunner.runTest(SuiteRunner.java:384)
                        at org.testng.SuiteRunner.runSequentially(SuiteRunner.java:378)
                        at org.testng.SuiteRunner.privateRun(SuiteRunner.java:337)
                        at org.testng.SuiteRunner.run(SuiteRunner.java:286)
                        at org.testng.SuiteRunnerWorker.runSuite(SuiteRunnerWorker.java:53)
                        at org.testng.SuiteRunnerWorker.run(SuiteRunnerWorker.java:96)
                        at org.testng.TestNG.runSuitesSequentially(TestNG.java:1214)
                        at org.testng.TestNG.runSuitesLocally(TestNG.java:1136)
                        at org.testng.TestNG.runSuites(TestNG.java:1066)
                        at org.testng.TestNG.run(TestNG.java:1034)
                        at org.testng.remote.AbstractRemoteTestNG.run(AbstractRemoteTestNG.java:115)
                        at org.testng.remote.RemoteTestNG.initAndRun(RemoteTestNG.java:251)
                        at org.testng.remote.RemoteTestNG.main(RemoteTestNG.java:77)
                     </pre>
                  </div>
               </td>
            </tr>
            <tr id="dataDrivenFramework.Data_tearDown_byClass_PASS2_row"
                class="testMethodStatusPASS testMethodStatusCONF">
               <td width="100%" class="firstMethodCell">
                  <a onclick="toggleDetailsVisibility('dataDrivenFramework.Data_tearDown_byClass_PASS2_details')">tearDown()</a>
               </td>
               <td nowrap="true">00:00:15</td>
               <td nowrap="true" align="right">4s
                  
               </td>
               <td nowrap="true">
                   
                  
               </td>
            </tr>
            <tr>
               <td colspan="4" class="detailsBox">
                  <div id="dataDrivenFramework.Data_tearDown_byClass_PASS2_details"
                       class="testMethodDetails">
                     <div>
                        <b>Name: </b>tearDown
                     </div>
                     <div>
                        <b>Signature: </b>tearDown()[pri:0, instance:dataDrivenFramework.Data@223f3642]
                     </div>
                     <div>
                        <b>Start time: </b>00:00:15
                     </div>
                     <div>
                        <b>End time: </b>00:00:20
                     </div>
                     <div>
                        <b>Duration: </b>4s
                        
                     </div>
                  </div>
               </td>
            </tr>
            <tr></tr>
            <tr id="dataDrivenFramework.Data_datadrivenframework_byClass_FAIL3_row"
                class="testMethodStatusFAIL">
               <td width="100%" class="firstMethodCell">
                  <a onclick="toggleDetailsVisibility('dataDrivenFramework.Data_datadrivenframework_byClass_FAIL3_details')">datadrivenframework(admin
                     
                     ,
                     
                     demo1235)
                  </a>
               </td>
               <td nowrap="true">00:00:20</td>
               <td nowrap="true" align="right">17s
                  
               </td>
               <td nowrap="true">
                  <a onclick="toggleDetailsVisibility('dataDrivenFramework.Data_datadrivenframework_byClass_FAIL3_exception')">java.lang.AssertionError: 
                     valid case expected [true] but found [false]
                     
                  </a>
                   
                  
               </td>
            </tr>
            <tr>
               <td colspan="4" class="detailsBox">
                  <div id="dataDrivenFramework.Data_datadrivenframework_byClass_FAIL3_details"
                       class="testMethodDetails">
                     <div>
                        <b>Name: </b>datadrivenframework
                     </div>
                     <div>
                        <b>Signature: </b>datadrivenframework(java.lang.String, java.lang.String)[pri:0, instance:dataDrivenFramework.Data@223f3642]
                     </div>
                     <div>
                        <b>Parameters: </b>
                        
                        admin
                        
                        ,
                        
                        demo1235
                        
                        
                     </div>
                     <div>
                        <b>Start time: </b>00:00:20
                     </div>
                     <div>
                        <b>End time: </b>00:00:37
                     </div>
                     <div>
                        <b>Duration: </b>17s
                        
                     </div>
                  </div>
               </td>
            </tr>
            <tr>
               <td colspan="4" class="detailsBox">
                  <div id="dataDrivenFramework.Data_datadrivenframework_byClass_FAIL3_exception"
                       class="testMethodDetails">
                     <pre style="padding: 5px; margin: 0;">java.lang.AssertionError: valid case expected [true] but found [false]
                        at org.testng.Assert.fail(Assert.java:97)
                        at org.testng.Assert.failNotEquals(Assert.java:968)
                        at org.testng.Assert.assertTrue(Assert.java:43)
                        at dataDrivenFramework.Data.datadrivenframework(Data.java:28)
                        at java.base/jdk.internal.reflect.NativeMethodAccessorImpl.invoke0(Native Method)
                        at java.base/jdk.internal.reflect.NativeMethodAccessorImpl.invoke(NativeMethodAccessorImpl.java:62)
                        at java.base/jdk.internal.reflect.DelegatingMethodAccessorImpl.invoke(DelegatingMethodAccessorImpl.java:43)
                        at java.base/java.lang.reflect.Method.invoke(Method.java:564)
                        at org.testng.internal.MethodInvocationHelper.invokeMethod(MethodInvocationHelper.java:135)
                        at org.testng.internal.TestInvoker.invokeMethod(TestInvoker.java:598)
                        at org.testng.internal.TestInvoker.invokeTestMethod(TestInvoker.java:174)
                        at org.testng.internal.MethodRunner.runInSequence(MethodRunner.java:46)
                        at org.testng.internal.TestInvoker$MethodInvocationAgent.invoke(TestInvoker.java:821)
                        at org.testng.internal.TestInvoker.invokeTestMethods(TestInvoker.java:147)
                        at org.testng.internal.TestMethodWorker.invokeTestMethods(TestMethodWorker.java:146)
                        at org.testng.internal.TestMethodWorker.run(TestMethodWorker.java:128)
                        at java.base/java.util.ArrayList.forEach(ArrayList.java:1510)
                        at org.testng.TestRunner.privateRun(TestRunner.java:767)
                        at org.testng.TestRunner.run(TestRunner.java:588)
                        at org.testng.SuiteRunner.runTest(SuiteRunner.java:384)
                        at org.testng.SuiteRunner.runSequentially(SuiteRunner.java:378)
                        at org.testng.SuiteRunner.privateRun(SuiteRunner.java:337)
                        at org.testng.SuiteRunner.run(SuiteRunner.java:286)
                        at org.testng.SuiteRunnerWorker.runSuite(SuiteRunnerWorker.java:53)
                        at org.testng.SuiteRunnerWorker.run(SuiteRunnerWorker.java:96)
                        at org.testng.TestNG.runSuitesSequentially(TestNG.java:1214)
                        at org.testng.TestNG.runSuitesLocally(TestNG.java:1136)
                        at org.testng.TestNG.runSuites(TestNG.java:1066)
                        at org.testng.TestNG.run(TestNG.java:1034)
                        at org.testng.remote.AbstractRemoteTestNG.run(AbstractRemoteTestNG.java:115)
                        at org.testng.remote.RemoteTestNG.initAndRun(RemoteTestNG.java:251)
                        at org.testng.remote.RemoteTestNG.main(RemoteTestNG.java:77)
                     </pre>
                  </div>
               </td>
            </tr>
            <tr id="dataDrivenFramework.Data_tearDown_byClass_PASS4_row"
                class="testMethodStatusPASS testMethodStatusCONF">
               <td width="100%" class="firstMethodCell">
                  <a onclick="toggleDetailsVisibility('dataDrivenFramework.Data_tearDown_byClass_PASS4_details')">tearDown()</a>
               </td>
               <td nowrap="true">00:00:37</td>
               <td nowrap="true" align="right">4s
                  
               </td>
               <td nowrap="true">
                   
                  
               </td>
            </tr>
            <tr>
               <td colspan="4" class="detailsBox">
                  <div id="dataDrivenFramework.Data_tearDown_byClass_PASS4_details"
                       class="testMethodDetails">
                     <div>
                        <b>Name: </b>tearDown
                     </div>
                     <div>
                        <b>Signature: </b>tearDown()[pri:0, instance:dataDrivenFramework.Data@223f3642]
                     </div>
                     <div>
                        <b>Start time: </b>00:00:37
                     </div>
                     <div>
                        <b>End time: </b>00:00:41
                     </div>
                     <div>
                        <b>Duration: </b>4s
                        
                     </div>
                  </div>
               </td>
            </tr>
            <tr></tr>
            <tr id="dataDrivenFramework.Data_datadrivenframework_byClass_FAIL5_row"
                class="testMethodStatusFAIL">
               <td width="100%" class="firstMethodCell">
                  <a onclick="toggleDetailsVisibility('dataDrivenFramework.Data_datadrivenframework_byClass_FAIL5_details')">datadrivenframework(admin
                     
                     ,
                     
                     demo1234)
                  </a>
               </td>
               <td nowrap="true">00:00:41</td>
               <td nowrap="true" align="right">11s
                  
               </td>
               <td nowrap="true">
                  <a onclick="toggleDetailsVisibility('dataDrivenFramework.Data_datadrivenframework_byClass_FAIL5_exception')">java.lang.AssertionError: 
                     valid case expected [true] but found [false]
                     
                  </a>
                   
                  
               </td>
            </tr>
            <tr>
               <td colspan="4" class="detailsBox">
                  <div id="dataDrivenFramework.Data_datadrivenframework_byClass_FAIL5_details"
                       class="testMethodDetails">
                     <div>
                        <b>Name: </b>datadrivenframework
                     </div>
                     <div>
                        <b>Signature: </b>datadrivenframework(java.lang.String, java.lang.String)[pri:0, instance:dataDrivenFramework.Data@223f3642]
                     </div>
                     <div>
                        <b>Parameters: </b>
                        
                        admin
                        
                        ,
                        
                        demo1234
                        
                        
                     </div>
                     <div>
                        <b>Start time: </b>00:00:41
                     </div>
                     <div>
                        <b>End time: </b>00:00:52
                     </div>
                     <div>
                        <b>Duration: </b>11s
                        
                     </div>
                  </div>
               </td>
            </tr>
            <tr>
               <td colspan="4" class="detailsBox">
                  <div id="dataDrivenFramework.Data_datadrivenframework_byClass_FAIL5_exception"
                       class="testMethodDetails">
                     <pre style="padding: 5px; margin: 0;">java.lang.AssertionError: valid case expected [true] but found [false]
                        at org.testng.Assert.fail(Assert.java:97)
                        at org.testng.Assert.failNotEquals(Assert.java:968)
                        at org.testng.Assert.assertTrue(Assert.java:43)
                        at dataDrivenFramework.Data.datadrivenframework(Data.java:28)
                        at java.base/jdk.internal.reflect.NativeMethodAccessorImpl.invoke0(Native Method)
                        at java.base/jdk.internal.reflect.NativeMethodAccessorImpl.invoke(NativeMethodAccessorImpl.java:62)
                        at java.base/jdk.internal.reflect.DelegatingMethodAccessorImpl.invoke(DelegatingMethodAccessorImpl.java:43)
                        at java.base/java.lang.reflect.Method.invoke(Method.java:564)
                        at org.testng.internal.MethodInvocationHelper.invokeMethod(MethodInvocationHelper.java:135)
                        at org.testng.internal.TestInvoker.invokeMethod(TestInvoker.java:598)
                        at org.testng.internal.TestInvoker.invokeTestMethod(TestInvoker.java:174)
                        at org.testng.internal.MethodRunner.runInSequence(MethodRunner.java:46)
                        at org.testng.internal.TestInvoker$MethodInvocationAgent.invoke(TestInvoker.java:821)
                        at org.testng.internal.TestInvoker.invokeTestMethods(TestInvoker.java:147)
                        at org.testng.internal.TestMethodWorker.invokeTestMethods(TestMethodWorker.java:146)
                        at org.testng.internal.TestMethodWorker.run(TestMethodWorker.java:128)
                        at java.base/java.util.ArrayList.forEach(ArrayList.java:1510)
                        at org.testng.TestRunner.privateRun(TestRunner.java:767)
                        at org.testng.TestRunner.run(TestRunner.java:588)
                        at org.testng.SuiteRunner.runTest(SuiteRunner.java:384)
                        at org.testng.SuiteRunner.runSequentially(SuiteRunner.java:378)
                        at org.testng.SuiteRunner.privateRun(SuiteRunner.java:337)
                        at org.testng.SuiteRunner.run(SuiteRunner.java:286)
                        at org.testng.SuiteRunnerWorker.runSuite(SuiteRunnerWorker.java:53)
                        at org.testng.SuiteRunnerWorker.run(SuiteRunnerWorker.java:96)
                        at org.testng.TestNG.runSuitesSequentially(TestNG.java:1214)
                        at org.testng.TestNG.runSuitesLocally(TestNG.java:1136)
                        at org.testng.TestNG.runSuites(TestNG.java:1066)
                        at org.testng.TestNG.run(TestNG.java:1034)
                        at org.testng.remote.AbstractRemoteTestNG.run(AbstractRemoteTestNG.java:115)
                        at org.testng.remote.RemoteTestNG.initAndRun(RemoteTestNG.java:251)
                        at org.testng.remote.RemoteTestNG.main(RemoteTestNG.java:77)
                     </pre>
                  </div>
               </td>
            </tr>
            <tr id="dataDrivenFramework.Data_tearDown_byClass_PASS6_row"
                class="testMethodStatusPASS testMethodStatusCONF">
               <td width="100%" class="firstMethodCell">
                  <a onclick="toggleDetailsVisibility('dataDrivenFramework.Data_tearDown_byClass_PASS6_details')">tearDown()</a>
               </td>
               <td nowrap="true">00:00:52</td>
               <td nowrap="true" align="right">6s
                  
               </td>
               <td nowrap="true">
                   
                  
               </td>
            </tr>
            <tr>
               <td colspan="4" class="detailsBox">
                  <div id="dataDrivenFramework.Data_tearDown_byClass_PASS6_details"
                       class="testMethodDetails">
                     <div>
                        <b>Name: </b>tearDown
                     </div>
                     <div>
                        <b>Signature: </b>tearDown()[pri:0, instance:dataDrivenFramework.Data@223f3642]
                     </div>
                     <div>
                        <b>Start time: </b>00:00:52
                     </div>
                     <div>
                        <b>End time: </b>00:00:59
                     </div>
                     <div>
                        <b>Duration: </b>6s
                        
                     </div>
                  </div>
               </td>
            </tr>
            <tr></tr>
            <tr id="dataDrivenFramework.Data_datadrivenframework_byClass_FAIL7_row"
                class="testMethodStatusFAIL">
               <td width="100%" class="firstMethodCell">
                  <a onclick="toggleDetailsVisibility('dataDrivenFramework.Data_datadrivenframework_byClass_FAIL7_details')">datadrivenframework(admin
                     
                     ,
                     
                     demo12345)
                  </a>
               </td>
               <td nowrap="true">00:00:59</td>
               <td nowrap="true" align="right">13s
                  
               </td>
               <td nowrap="true">
                  <a onclick="toggleDetailsVisibility('dataDrivenFramework.Data_datadrivenframework_byClass_FAIL7_exception')">java.lang.AssertionError: 
                     valid case expected [true] but found [false]
                     
                  </a>
                   
                  
               </td>
            </tr>
            <tr>
               <td colspan="4" class="detailsBox">
                  <div id="dataDrivenFramework.Data_datadrivenframework_byClass_FAIL7_details"
                       class="testMethodDetails">
                     <div>
                        <b>Name: </b>datadrivenframework
                     </div>
                     <div>
                        <b>Signature: </b>datadrivenframework(java.lang.String, java.lang.String)[pri:0, instance:dataDrivenFramework.Data@223f3642]
                     </div>
                     <div>
                        <b>Parameters: </b>
                        
                        admin
                        
                        ,
                        
                        demo12345
                        
                        
                     </div>
                     <div>
                        <b>Start time: </b>00:00:59
                     </div>
                     <div>
                        <b>End time: </b>00:01:13
                     </div>
                     <div>
                        <b>Duration: </b>13s
                        
                     </div>
                  </div>
               </td>
            </tr>
            <tr>
               <td colspan="4" class="detailsBox">
                  <div id="dataDrivenFramework.Data_datadrivenframework_byClass_FAIL7_exception"
                       class="testMethodDetails">
                     <pre style="padding: 5px; margin: 0;">java.lang.AssertionError: valid case expected [true] but found [false]
                        at org.testng.Assert.fail(Assert.java:97)
                        at org.testng.Assert.failNotEquals(Assert.java:968)
                        at org.testng.Assert.assertTrue(Assert.java:43)
                        at dataDrivenFramework.Data.datadrivenframework(Data.java:28)
                        at java.base/jdk.internal.reflect.NativeMethodAccessorImpl.invoke0(Native Method)
                        at java.base/jdk.internal.reflect.NativeMethodAccessorImpl.invoke(NativeMethodAccessorImpl.java:62)
                        at java.base/jdk.internal.reflect.DelegatingMethodAccessorImpl.invoke(DelegatingMethodAccessorImpl.java:43)
                        at java.base/java.lang.reflect.Method.invoke(Method.java:564)
                        at org.testng.internal.MethodInvocationHelper.invokeMethod(MethodInvocationHelper.java:135)
                        at org.testng.internal.TestInvoker.invokeMethod(TestInvoker.java:598)
                        at org.testng.internal.TestInvoker.invokeTestMethod(TestInvoker.java:174)
                        at org.testng.internal.MethodRunner.runInSequence(MethodRunner.java:46)
                        at org.testng.internal.TestInvoker$MethodInvocationAgent.invoke(TestInvoker.java:821)
                        at org.testng.internal.TestInvoker.invokeTestMethods(TestInvoker.java:147)
                        at org.testng.internal.TestMethodWorker.invokeTestMethods(TestMethodWorker.java:146)
                        at org.testng.internal.TestMethodWorker.run(TestMethodWorker.java:128)
                        at java.base/java.util.ArrayList.forEach(ArrayList.java:1510)
                        at org.testng.TestRunner.privateRun(TestRunner.java:767)
                        at org.testng.TestRunner.run(TestRunner.java:588)
                        at org.testng.SuiteRunner.runTest(SuiteRunner.java:384)
                        at org.testng.SuiteRunner.runSequentially(SuiteRunner.java:378)
                        at org.testng.SuiteRunner.privateRun(SuiteRunner.java:337)
                        at org.testng.SuiteRunner.run(SuiteRunner.java:286)
                        at org.testng.SuiteRunnerWorker.runSuite(SuiteRunnerWorker.java:53)
                        at org.testng.SuiteRunnerWorker.run(SuiteRunnerWorker.java:96)
                        at org.testng.TestNG.runSuitesSequentially(TestNG.java:1214)
                        at org.testng.TestNG.runSuitesLocally(TestNG.java:1136)
                        at org.testng.TestNG.runSuites(TestNG.java:1066)
                        at org.testng.TestNG.run(TestNG.java:1034)
                        at org.testng.remote.AbstractRemoteTestNG.run(AbstractRemoteTestNG.java:115)
                        at org.testng.remote.RemoteTestNG.initAndRun(RemoteTestNG.java:251)
                        at org.testng.remote.RemoteTestNG.main(RemoteTestNG.java:77)
                     </pre>
                  </div>
               </td>
            </tr>
            <tr id="dataDrivenFramework.Data_tearDown_byClass_PASS8_row"
                class="testMethodStatusPASS testMethodStatusCONF">
               <td width="100%" class="firstMethodCell">
                  <a onclick="toggleDetailsVisibility('dataDrivenFramework.Data_tearDown_byClass_PASS8_details')">tearDown()</a>
               </td>
               <td nowrap="true">00:01:13</td>
               <td nowrap="true" align="right">5s
                  
               </td>
               <td nowrap="true">
                   
                  
               </td>
            </tr>
            <tr>
               <td colspan="4" class="detailsBox">
                  <div id="dataDrivenFramework.Data_tearDown_byClass_PASS8_details"
                       class="testMethodDetails">
                     <div>
                        <b>Name: </b>tearDown
                     </div>
                     <div>
                        <b>Signature: </b>tearDown()[pri:0, instance:dataDrivenFramework.Data@223f3642]
                     </div>
                     <div>
                        <b>Start time: </b>00:01:13
                     </div>
                     <div>
                        <b>End time: </b>00:01:19
                     </div>
                     <div>
                        <b>Duration: </b>5s
                        
                     </div>
                  </div>
               </td>
            </tr>
            <tr></tr>
            <tr id="dataDrivenFramework.Data_datadrivenframework_byClass_PASS9_row"
                class="testMethodStatusPASS">
               <td width="100%" class="firstMethodCell">
                  <a onclick="toggleDetailsVisibility('dataDrivenFramework.Data_datadrivenframework_byClass_PASS9_details')">datadrivenframework(admin
                     
                     ,
                     
                     demo123)
                  </a>
               </td>
               <td nowrap="true">00:01:19</td>
               <td nowrap="true" align="right">13s
                  
               </td>
               <td nowrap="true">
                   
                  
               </td>
            </tr>
            <tr>
               <td colspan="4" class="detailsBox">
                  <div id="dataDrivenFramework.Data_datadrivenframework_byClass_PASS9_details"
                       class="testMethodDetails">
                     <div>
                        <b>Name: </b>datadrivenframework
                     </div>
                     <div>
                        <b>Signature: </b>datadrivenframework(java.lang.String, java.lang.String)[pri:0, instance:dataDrivenFramework.Data@223f3642]
                     </div>
                     <div>
                        <b>Parameters: </b>
                        
                        admin
                        
                        ,
                        
                        demo123
                        
                        
                     </div>
                     <div>
                        <b>Start time: </b>00:01:19
                     </div>
                     <div>
                        <b>End time: </b>00:01:32
                     </div>
                     <div>
                        <b>Duration: </b>13s
                        
                     </div>
                  </div>
               </td>
            </tr>
            <tr></tr>
            <tr id="dataDrivenFramework.Data_tearDown_byClass_PASS10_row"
                class="testMethodStatusPASS testMethodStatusCONF">
               <td width="100%" class="firstMethodCell">
                  <a onclick="toggleDetailsVisibility('dataDrivenFramework.Data_tearDown_byClass_PASS10_details')">tearDown()</a>
               </td>
               <td nowrap="true">00:01:32</td>
               <td nowrap="true" align="right">7s
                  
               </td>
               <td nowrap="true">
                   
                  
               </td>
            </tr>
            <tr>
               <td colspan="4" class="detailsBox">
                  <div id="dataDrivenFramework.Data_tearDown_byClass_PASS10_details"
                       class="testMethodDetails">
                     <div>
                        <b>Name: </b>tearDown
                     </div>
                     <div>
                        <b>Signature: </b>tearDown()[pri:0, instance:dataDrivenFramework.Data@223f3642]
                     </div>
                     <div>
                        <b>Start time: </b>00:01:32
                     </div>
                     <div>
                        <b>End time: </b>00:01:39
                     </div>
                     <div>
                        <b>Duration: </b>7s
                        
                     </div>
                  </div>
               </td>
            </tr>
            <tr></tr>
         </table>
         <br></br>
      </div>
      <div style="margin-top: 15px; color: gray; text-align: center; font-size: 9px;">
         Generated with
         
         <a href="http://code.google.com/p/testng-xslt/" style="color: #8888aa;"
            target="_blank">
            TestNG XSLT
            
         </a>
      </div>
   </body>
</html>